<?xml version="1.0" encoding="UTF-8"?>
<!-- Generated by org.testng.reporters.JUnitReportReporter -->
<testsuite name="TestNG_selenium.TestNG_selenium.Synchronization" tests="1" time="0.125" ignored="0" failures="0" timestamp="05 Aug 2021 05:15:24 GMT" skipped="0" hostname="DESKTOP-5CUEQ7S" errors="0">
  <testcase name="f" time="0.125" classname="TestNG_selenium.TestNG_selenium.Synchronization"/>
</testsuite> <!-- TestNG_selenium.TestNG_selenium.Synchronization -->
