<?xml version="1.0" encoding="UTF-8"?>
<!-- Generated by org.testng.reporters.JUnitReportReporter -->
<testsuite name="TestNG_selenium.TestNG_selenium.Depends_on" tests="3" time="0.046" ignored="0" failures="0" timestamp="04 Aug 2021 18:06:50 GMT" skipped="0" hostname="DESKTOP-5CUEQ7S" errors="0">
  <testcase name="a" time="0.046" classname="TestNG_selenium.TestNG_selenium.Depends_on"/>
  <testcase name="c" time="0.000" classname="TestNG_selenium.TestNG_selenium.Depends_on"/>
  <testcase name="b" time="0.000" classname="TestNG_selenium.TestNG_selenium.Depends_on"/>
</testsuite> <!-- TestNG_selenium.TestNG_selenium.Depends_on -->
