<?xml version="1.0" encoding="UTF-8"?>
<!-- Generated by org.testng.reporters.JUnitReportReporter -->
<testsuite name="TestNG_selenium.TestNG_selenium.Parallel_class" tests="3" time="0.022" ignored="0" failures="0" timestamp="04 Aug 2021 17:46:07 GMT" skipped="0" hostname="DESKTOP-5CUEQ7S" errors="0">
  <testcase name="b" time="0.016" classname="TestNG_selenium.TestNG_selenium.Parallel_class"/>
  <testcase name="a" time="0.006" classname="TestNG_selenium.TestNG_selenium.Parallel_class"/>
  <testcase name="c" time="0.000" classname="TestNG_selenium.TestNG_selenium.Parallel_class"/>
</testsuite> <!-- TestNG_selenium.TestNG_selenium.Parallel_class -->
