<?xml version="1.0" encoding="UTF-8"?>
<!-- Generated by org.testng.reporters.JUnitReportReporter -->
<testsuite name="TestNG_selenium.TestNG_selenium.Test1" tests="3" time="0.018" ignored="0" failures="0" timestamp="04 Aug 2021 17:13:29 GMT" skipped="0" hostname="DESKTOP-5CUEQ7S" errors="0">
  <testcase name="sample3" time="0.004" classname="TestNG_selenium.TestNG_selenium.Test1"/>
  <testcase name="sample2" time="0.005" classname="TestNG_selenium.TestNG_selenium.Test1"/>
  <testcase name="sample1" time="0.009" classname="TestNG_selenium.TestNG_selenium.Test1"/>
</testsuite> <!-- TestNG_selenium.TestNG_selenium.Test1 -->
