<?xml version="1.0" encoding="UTF-8"?>
<!-- Generated by org.testng.reporters.JUnitReportReporter -->
<testsuite name="TestNG_selenium.TestNG_selenium.Exception_Handling" tests="2" time="0.032" ignored="0" failures="0" timestamp="06 Aug 2021 05:27:30 GMT" skipped="0" hostname="DESKTOP-5CUEQ7S" errors="0">
  <testcase name="f" time="0.032" classname="TestNG_selenium.TestNG_selenium.Exception_Handling"/>
  <testcase name="f2" time="0.000" classname="TestNG_selenium.TestNG_selenium.Exception_Handling"/>
</testsuite> <!-- TestNG_selenium.TestNG_selenium.Exception_Handling -->
