<?xml version="1.0" encoding="UTF-8"?>
<!-- Generated by org.testng.reporters.JUnitReportReporter -->
<testsuite name="TestNG_selenium.TestNG_selenium.groups" tests="1" time="0.015" ignored="2" failures="0" timestamp="06 Aug 2021 05:07:30 GMT" skipped="0" hostname="DESKTOP-5CUEQ7S" errors="0">
  <testcase name="c" time="0.015" classname="TestNG_selenium.TestNG_selenium.groups"/>
  <testcase name="a" classname="TestNG_selenium.TestNG_selenium.groups">
    <skipped/>
  </testcase> <!-- a -->
  <testcase name="b" classname="TestNG_selenium.TestNG_selenium.groups">
    <skipped/>
  </testcase> <!-- b -->
</testsuite> <!-- TestNG_selenium.TestNG_selenium.groups -->
