<?xml version="1.0" encoding="UTF-8"?>
<!-- Generated by org.testng.reporters.JUnitReportReporter -->
<testsuite name="TestNG_selenium.TestNG_selenium.Parallel_method" tests="3" time="0.031" ignored="0" failures="0" timestamp="04 Aug 2021 17:57:13 GMT" skipped="0" hostname="DESKTOP-5CUEQ7S" errors="0">
  <testcase name="a" time="0.015" classname="TestNG_selenium.TestNG_selenium.Parallel_method"/>
  <testcase name="b" time="0.000" classname="TestNG_selenium.TestNG_selenium.Parallel_method"/>
  <testcase name="c" time="0.016" classname="TestNG_selenium.TestNG_selenium.Parallel_method"/>
</testsuite> <!-- TestNG_selenium.TestNG_selenium.Parallel_method -->
