<?xml version="1.0" encoding="UTF-8"?>
<!-- Generated by org.testng.reporters.JUnitReportReporter -->
<testsuite name="TestNG_selenium.TestNG_selenium.Test2" tests="1" time="0.016" ignored="0" failures="0" timestamp="04 Aug 2021 17:59:04 GMT" skipped="0" hostname="DESKTOP-5CUEQ7S" errors="0">
  <testcase name="f" time="0.016" classname="TestNG_selenium.TestNG_selenium.Test2"/>
</testsuite> <!-- TestNG_selenium.TestNG_selenium.Test2 -->
