<?xml version="1.0" encoding="UTF-8"?>
<!-- Generated by org.testng.reporters.JUnitReportReporter -->
<testsuite name="TestNG_selenium.TestNG_selenium.Ignore" tests="1" time="0.048" ignored="1" failures="0" timestamp="05 Aug 2021 05:04:01 GMT" skipped="0" hostname="DESKTOP-5CUEQ7S" errors="0">
  <testcase name="f1" time="0.048" classname="TestNG_selenium.TestNG_selenium.Ignore"/>
  <testcase name="f" classname="TestNG_selenium.TestNG_selenium.Ignore">
    <skipped/>
  </testcase> <!-- f -->
</testsuite> <!-- TestNG_selenium.TestNG_selenium.Ignore -->
