<?xml version="1.0" encoding="UTF-8"?>
<!-- Generated by org.testng.reporters.JUnitReportReporter -->
<testsuite name="Webdriver.Webdriver.Button" tests="1" time="20.333" ignored="0" failures="0" timestamp="07 Aug 2021 18:07:24 GMT" skipped="0" hostname="DESKTOP-5CUEQ7S" errors="0">
  <testcase name="f" time="20.333" classname="Webdriver.Webdriver.Button"/>
</testsuite> <!-- Webdriver.Webdriver.Button -->
