<?xml version="1.0" encoding="UTF-8"?>
<!-- Generated by org.testng.reporters.JUnitReportReporter -->
<testsuite hostname="DESKTOP-5CUEQ7S" name="Webdriver.Webdriver.Transport" tests="1" failures="0" timestamp="12 Aug 2021 08:44:42 GMT" time="40.055" errors="0">
  <testcase name="register" time="40.055" classname="Webdriver.Webdriver.Transport"/>
</testsuite> <!-- Webdriver.Webdriver.Transport -->
