<?xml version="1.0" encoding="UTF-8"?>
<!-- Generated by org.testng.reporters.JUnitReportReporter -->
<testsuite name="Webdriver.Webdriver.First" tests="1" time="9.329" ignored="0" failures="0" timestamp="07 Aug 2021 17:20:37 GMT" skipped="0" hostname="DESKTOP-5CUEQ7S" errors="0">
  <testcase name="f" time="9.329" classname="Webdriver.Webdriver.First"/>
</testsuite> <!-- Webdriver.Webdriver.First -->
