<?xml version="1.0" encoding="UTF-8"?>
<!-- Generated by org.testng.reporters.JUnitReportReporter -->
<testsuite skipped="0" hostname="LP-5CD812F4FY" name="Webdriver.Webdriver.checkbox" tests="1" failures="0" timestamp="16 Aug 2021 04:44:21 GMT" time="39.065" errors="0">
  <testcase name="f" time="39.065" classname="Webdriver.Webdriver.checkbox"/>
</testsuite> <!-- Webdriver.Webdriver.checkbox -->
