<?xml version="1.0" encoding="UTF-8"?>
<!-- Generated by org.testng.reporters.JUnitReportReporter -->
<testsuite hostname="DESKTOP-5CUEQ7S" name="Webdriver.Webdriver.Frames" tests="1" failures="0" timestamp="10 Aug 2021 07:34:27 GMT" time="16.093" errors="0">
  <testcase name="f" time="16.093" classname="Webdriver.Webdriver.Frames"/>
</testsuite> <!-- Webdriver.Webdriver.Frames -->
