<?xml version="1.0" encoding="UTF-8"?>
<!-- Generated by org.testng.reporters.JUnitReportReporter -->
<testsuite hostname="DESKTOP-5CUEQ7S" name="Webdriver.Webdriver.Window" tests="1" failures="0" timestamp="9 Aug 2021 17:56:48 GMT" time="24.495" errors="0">
  <testcase name="f" time="24.495" classname="Webdriver.Webdriver.Window"/>
</testsuite> <!-- Webdriver.Webdriver.Window -->
