<?xml version="1.0" encoding="UTF-8"?>
<!-- Generated by org.testng.reporters.JUnitReportReporter -->
<testsuite hostname="DESKTOP-5CUEQ7S" name="Webdriver.Webdriver.Actionclass" tests="1" failures="0" timestamp="11 Aug 2021 18:03:14 GMT" time="28.019" errors="0">
  <testcase name="f" time="28.019" classname="Webdriver.Webdriver.Actionclass"/>
</testsuite> <!-- Webdriver.Webdriver.Actionclass -->
