<?xml version="1.0" encoding="UTF-8"?>
<!-- Generated by org.testng.reporters.JUnitReportReporter -->
<testsuite skipped="0" hostname="LP-5CD812F4FY" name="Listener.IAnnotationTransformer.test" tests="5" failures="0" timestamp="26 Aug 2021 11:52:52 GMT" time="0.013" errors="0">
  <testcase name="changeInvocationCountOfMethod" time="0.002" classname="Listener.IAnnotationTransformer.test"/>
  <testcase name="changeInvocationCountOfMethod" time="0.004" classname="Listener.IAnnotationTransformer.test"/>
  <testcase name="changeInvocationCountOfMethod" time="0.000" classname="Listener.IAnnotationTransformer.test"/>
  <testcase name="changeInvocationCountOfMethod" time="0.007" classname="Listener.IAnnotationTransformer.test"/>
  <testcase name="changeInvocationCountOfMethod" time="0.000" classname="Listener.IAnnotationTransformer.test"/>
</testsuite> <!-- Listener.IAnnotationTransformer.test -->
