<?xml version="1.0" encoding="UTF-8"?>
<!-- Generated by org.testng.reporters.JUnitReportReporter -->
<testsuite skipped="0" hostname="LP-5CD812F4FY" name="Demo.Extent_report_using_case_study" tests="1" failures="0" timestamp="26 Aug 2021 09:44:03 GMT" time="16.302" errors="0">
  <testcase name="login" time="16.302" classname="Demo.Extent_report_using_case_study"/>
</testsuite> <!-- Demo.Extent_report_using_case_study -->
